<?xml version="1.0" encoding="UTF-8"?>
<testsuite xmlns:xsi="http://www.w3.org/2001/XMLSchema-instance" xsi:noNamespaceSchemaLocation="https://maven.apache.org/surefire/maven-surefire-plugin/xsd/surefire-test-report.xsd" name="FactorialCalculatorTest" time="0.147" tests="3" errors="0" skipped="0" failures="0">
  <properties>
[...]
</properties>
  <testcase name="Positive1Test" classname="FactorialCalculatorTest" time="0.08"/>
  <testcase name="Positive2Test" classname="FactorialCalculatorTest" time="0.001"/>
  <testcase name="ZeroTest" classname="FactorialCalculatorTest" time="0.014"/>
</testsuite>